{"C:\\Users\\wlinkdell\\Desktop\\TDD Testing\\adder.js": {"path":"C:\\Users\\wlinkdell\\Desktop\\TDD Testing\\adder.js","statementMap":{"0":{"start":{"line":1,"column":14},"end":{"line":1,"column":74}},"1":{"start":{"line":1,"column":30},"end":{"line":1,"column":74}},"2":{"start":{"line":1,"column":60},"end":{"line":1,"column":70}},"3":{"start":{"line":8,"column":0},"end":{"line":8,"column":23}}},"fnMap":{"0":{"name":"(anonymous_0)","decl":{"start":{"line":1,"column":14},"end":{"line":1,"column":15}},"loc":{"start":{"line":1,"column":30},"end":{"line":1,"column":74}},"line":1},"1":{"name":"(anonymous_1)","decl":{"start":{"line":1,"column":45},"end":{"line":1,"column":46}},"loc":{"start":{"line":1,"column":60},"end":{"line":1,"column":70}},"line":1}},"branchMap":{},"s":{"0":1,"1":5,"2":11,"3":1},"f":{"0":5,"1":11},"b":{},"_coverageSchema":"1a1c01bbd47fc00a2c39e90264f33305004495a9","hash":"80009fc966377c6b2c4ef4eef7d20d9a65b12210"}
,"C:\\Users\\wlinkdell\\Desktop\\TDD Testing\\multiplier.js": {"path":"C:\\Users\\wlinkdell\\Desktop\\TDD Testing\\multiplier.js","statementMap":{"0":{"start":{"line":2,"column":4},"end":{"line":2,"column":65}},"1":{"start":{"line":2,"column":45},"end":{"line":2,"column":60}},"2":{"start":{"line":5,"column":0},"end":{"line":5,"column":26}}},"fnMap":{"0":{"name":"multiply","decl":{"start":{"line":1,"column":9},"end":{"line":1,"column":17}},"loc":{"start":{"line":1,"column":29},"end":{"line":4,"column":1}},"line":1},"1":{"name":"(anonymous_1)","decl":{"start":{"line":2,"column":26},"end":{"line":2,"column":27}},"loc":{"start":{"line":2,"column":45},"end":{"line":2,"column":60}},"line":2}},"branchMap":{},"s":{"0":4,"1":6,"2":1},"f":{"0":4,"1":6},"b":{},"_coverageSchema":"1a1c01bbd47fc00a2c39e90264f33305004495a9","hash":"e97414c9d0c4f2736ab08b975fa8dd68de8020da"}
}
